I2024-02-12 23:22:15.610753 instance.cpp:1346] Override Enabled Addons: {}
I2024-02-12 23:22:15.610893 instance.cpp:1347] Override Disabled Addons: {}
E2024-02-12 23:22:15.616689 waylandmodule.cpp:230] Failed to open wayland connection
I2024-02-12 23:22:15.616780 addonmanager.cpp:195] Loaded addon wayland
I2024-02-12 23:22:15.622218 xcbconnection.cpp:189] Connecting to X11 display, display name::0.
I2024-02-12 23:22:15.623375 addonmanager.cpp:195] Loaded addon xcb
I2024-02-12 23:22:15.625810 addonmanager.cpp:195] Loaded addon quickphrase
I2024-02-12 23:22:15.626857 addonmanager.cpp:195] Loaded addon clipboard
I2024-02-12 23:22:15.627185 addonmanager.cpp:195] Loaded addon imselector
I2024-02-12 23:22:15.636956 addonmanager.cpp:195] Loaded addon keyboard
I2024-02-12 23:22:15.637452 addonmanager.cpp:195] Loaded addon waylandim
I2024-02-12 23:22:15.637806 addonmanager.cpp:195] Loaded addon unicode
I2024-02-12 23:22:15.638816 addonmanager.cpp:195] Loaded addon pinyinhelper
I2024-02-12 23:22:15.639937 addonmanager.cpp:195] Loaded addon dbus
I2024-02-12 23:22:15.641455 addonmanager.cpp:195] Loaded addon fcitx4frontend
I2024-02-12 23:22:15.642226 addonmanager.cpp:195] Loaded addon ibusfrontend
I2024-02-12 23:22:15.643208 addonmanager.cpp:195] Loaded addon xim
I2024-02-12 23:22:15.643663 addonmanager.cpp:195] Loaded addon dbusfrontend
I2024-02-12 23:22:15.681991 inputmethodmanager.cpp:190] Found 734 input method(s) in addon keyboard
I2024-02-12 23:22:15.713272 addonmanager.cpp:195] Loaded addon kimpanel
I2024-02-12 23:22:15.713642 addonmanager.cpp:195] Loaded addon virtualkeyboard
I2024-02-12 23:22:15.728719 classicui.cpp:66] Created classicui for x11 display::0
I2024-02-12 23:22:15.728781 addonmanager.cpp:195] Loaded addon classicui
I2024-02-12 23:22:15.729170 addonmanager.cpp:195] Loaded addon notificationitem
I2024-02-12 23:22:15.729542 addonmanager.cpp:195] Loaded addon notifications
I2024-02-12 23:22:15.732921 kimpanel.cpp:116] Kimpanel new owner: 
I2024-02-12 23:22:15.732982 virtualkeyboard.cpp:223] VirtualKeyboard new owner: 
E2024-02-12 23:22:15.733055 portalsettingmonitor.cpp:115] DBus call error: org.freedesktop.DBus.Error.ServiceUnknown The name is not activatable

(nm-applet:80615): GLib-GIO-WARNING **: 23:22:15.833: unable to send notifications through org.freedesktop.Notifications: GDBus.Error:org.freedesktop.DBus.Error.ServiceUnknown: The name is not activatable
I2024-02-12 23:22:16.793088 addonmanager.cpp:195] Loaded addon punctuation
I2024-02-12 23:22:18.069035 addonmanager.cpp:195] Loaded addon pinyin
I2024-02-12 23:22:18.072454 addonmanager.cpp:195] Loaded addon cloudpinyin
=========================
=========================
Fcitx 5.1.7 -- Get Signal No.: 1
Date: try "date -d @1707751350" if you are using GNU date ***
ProcessID: 80614
fcitx5(+0x102de)[0x60ee73ba72de]
/usr/lib/libc.so.6(+0x3c770)[0x755ddbc5a770]
=========================
/usr/lib/libc.so.6(__write+0x4f)[0x755ddbd1a1bf]
Fcitx 5.1.7 -- Get Signal No.: 1
Date: try "date -d @1707751350" if you are using GNU date ***
ProcessID: /usr/lib/libFcitx5Utils.so.2(_ZN5fcitx2fs9safeWriteEiPKvm+0x3a)[0x755ddc2964ea]
80614fcitx5(+0x1007a)[0x60ee73ba707a]

/usr/lib/libc.so.6(+0x3c770)[0x755ddbc5a770]
fcitx5(+0x102de)[0x60ee73ba72de]
/usr/lib/libc.so.6(+0x3c770)[0x755ddbc5a770]
/usr/lib/libc.so.6(epoll_wait+0x56)[0x755ddbd26e66]
/usr/lib/libsystemd.so.0(sd_event_wait+0x186)[0x755ddc128f26]
/usr/lib/libsystemd.so.0(sd_event_run+0x1ac)[0x755ddc12a67c]
/usr/lib/libc.so.6(epoll_wait+0x56)[0x755ddbd26e66]
/usr/lib/libsystemd.so.0(sd_event_wait+0x186)[0x755ddc128f26]
/usr/lib/libsystemd.so.0(sd_event_loop+0x60)[0x755ddc12a7c0]
/usr/lib/libFcitx5Utils.so.2(_ZN5fcitx9EventLoop4execEv+0x16)[0x755ddc28ec76]
/usr/lib/fcitx5/libxcb.so(+0x2b8a3)[0x755ddb7248a3]
/usr/lib/libsystemd.so.0(sd_event_run+0x1ac)[0x755ddc12a67c]
/usr/lib/libstdc++.so.6(+0xe1943)[0x755ddbee1943]
/usr/lib/libc.so.6(+0x8b55a)[0x755ddbca955a]
/usr/lib/libc.so.6(+0x108a3c)[0x755ddbd26a3c]
/usr/lib/libsystemd.so.0(sd_event_loop+0x60)[0x755ddc12a7c0]
/usr/lib/libFcitx5Utils.so.2(_ZN5fcitx9EventLoop4execEv+0x16)[0x755ddc28ec76]
/usr/lib/libFcitx5Core.so.7(_ZN5fcitx8Instance4execEv+0x5c)[0x755ddc36cb3c]
fcitx5(+0xe7f0)[0x60ee73ba57f0]
/usr/lib/libc.so.6(+0x25cd0)[0x755ddbc43cd0]
/usr/lib/libc.so.6(__libc_start_main+0x8a)[0x755ddbc43d8a]
fcitx5(+0xfcf5)[0x60ee73ba6cf5]
Fcitx 5.1.7 -- Get Signal No.: 15
Date: try "date -d @1707751350" if you are using GNU date ***
ProcessID: 80614
fcitx5(+0x102de)[0x60ee73ba72de]
/usr/lib/libc.so.6(+0x3c770)[0x755ddbc5a770]
/usr/lib/libc.so.6(epoll_wait+0x56)[0x755ddbd26e66]
/usr/lib/libsystemd.so.0(sd_event_wait+0x186)[0x755ddc128f26]
/usr/lib/libsystemd.so.0(sd_event_run+0x1ac)[0x755ddc12a67c]
/usr/lib/libsystemd.so.0(sd_event_loop+0x60)[0x755ddc12a7c0]
/usr/lib/libFcitx5Utils.so.2(_ZN5fcitx9EventLoop4execEv+0x16)[0x755ddc28ec76]
/usr/lib/libFcitx5Core.so.7(_ZN5fcitx8Instance4execEv+0x5c)[0x755ddc36cb3c]
fcitx5(+0xe7f0)[0x60ee73ba57f0]
/usr/lib/libc.so.6(+0x25cd0)[0x755ddbc43cd0]
/usr/lib/libc.so.6(__libc_start_main+0x8a)[0x755ddbc43d8a]
fcitx5(+0xfcf5)[0x60ee73ba6cf5]
W2024-02-12 23:22:30.376903 xcbeventreader.cpp:51] XCB connection ":0" got error: 1
I2024-02-12 23:22:30.382164 addonmanager.cpp:298] Unloading addon cloudpinyin
I2024-02-12 23:22:30.382509 addonmanager.cpp:298] Unloading addon pinyin
I2024-02-12 23:22:30.383939 addonmanager.cpp:298] Unloading addon punctuation
I2024-02-12 23:22:30.384044 addonmanager.cpp:298] Unloading addon notifications
I2024-02-12 23:22:30.384094 addonmanager.cpp:298] Unloading addon notificationitem
I2024-02-12 23:22:30.384143 addonmanager.cpp:298] Unloading addon classicui
I2024-02-12 23:22:30.384672 addonmanager.cpp:298] Unloading addon virtualkeyboard
I2024-02-12 23:22:30.384718 addonmanager.cpp:298] Unloading addon kimpanel
I2024-02-12 23:22:30.384757 addonmanager.cpp:298] Unloading addon dbusfrontend
I2024-02-12 23:22:30.384806 addonmanager.cpp:298] Unloading addon xim
I2024-02-12 23:22:30.384849 addonmanager.cpp:298] Unloading addon ibusfrontend
I2024-02-12 23:22:30.386418 addonmanager.cpp:298] Unloading addon fcitx4frontend
I2024-02-12 23:22:30.386501 addonmanager.cpp:298] Unloading addon dbus
I2024-02-12 23:22:30.386569 addonmanager.cpp:298] Unloading addon pinyinhelper
I2024-02-12 23:22:30.386614 addonmanager.cpp:298] Unloading addon unicode
I2024-02-12 23:22:30.386656 addonmanager.cpp:298] Unloading addon waylandim
I2024-02-12 23:22:30.386695 addonmanager.cpp:298] Unloading addon keyboard
I2024-02-12 23:22:30.386814 addonmanager.cpp:298] Unloading addon imselector
I2024-02-12 23:22:30.386853 addonmanager.cpp:298] Unloading addon clipboard
I2024-02-12 23:22:30.386895 addonmanager.cpp:298] Unloading addon quickphrase
I2024-02-12 23:22:30.387050 addonmanager.cpp:298] Unloading addon xcb
I2024-02-12 23:22:30.387290 addonmanager.cpp:298] Unloading addon wayland
